2021-10-05 12:03:47  INFO  main com.star.forum.StarryForumRunning Starting StarryForumRunning on Starry with PID 13492 (L:\Task\Starry-Forum\target\classes started by Star in L:\Task\Starry-Forum)
2021-10-05 12:03:47  INFO  main com.star.forum.StarryForumRunning No active profile set, falling back to default profiles: default
2021-10-05 12:03:47  INFO  main org.springframework.boot.devtools.env.DevToolsPropertyDefaultsPostProcessor Devtools property defaults active! Set 'spring.devtools.add-properties' to 'false' to disable
2021-10-05 12:03:47  INFO  main org.springframework.boot.devtools.env.DevToolsPropertyDefaultsPostProcessor For additional web related logging consider setting the 'logging.level.web' property to 'DEBUG'
2021-10-05 12:03:49  INFO  main org.springframework.data.repository.config.RepositoryConfigurationDelegate Multiple Spring Data modules found, entering strict repository configuration mode!
2021-10-05 12:03:49  INFO  main org.springframework.data.repository.config.RepositoryConfigurationDelegate Bootstrapping Spring Data Elasticsearch repositories in DEFAULT mode.
2021-10-05 12:03:49  INFO  main org.springframework.data.repository.config.RepositoryConfigurationDelegate Finished Spring Data repository scanning in 117ms. Found 1 Elasticsearch repository interfaces.
2021-10-05 12:03:49  INFO  main org.springframework.data.repository.config.RepositoryConfigurationDelegate Multiple Spring Data modules found, entering strict repository configuration mode!
2021-10-05 12:03:49  INFO  main org.springframework.data.repository.config.RepositoryConfigurationDelegate Bootstrapping Spring Data Reactive Elasticsearch repositories in DEFAULT mode.
2021-10-05 12:03:49  INFO  main org.springframework.data.repository.config.RepositoryConfigurationDelegate Finished Spring Data repository scanning in 16ms. Found 0 Reactive Elasticsearch repository interfaces.
2021-10-05 12:03:49  INFO  main org.springframework.data.repository.config.RepositoryConfigurationDelegate Multiple Spring Data modules found, entering strict repository configuration mode!
2021-10-05 12:03:49  INFO  main org.springframework.data.repository.config.RepositoryConfigurationDelegate Bootstrapping Spring Data Redis repositories in DEFAULT mode.
2021-10-05 12:03:49  INFO  main org.springframework.data.repository.config.RepositoryConfigurationExtensionSupport Spring Data Redis - Could not safely identify store assignment for repository candidate interface com.star.forum.search.PostRepository. If you want this repository to be a Redis repository, consider annotating your entities with one of these annotations: org.springframework.data.redis.core.RedisHash (preferred), or consider extending one of the following types with your repository: org.springframework.data.keyvalue.repository.KeyValueRepository.
2021-10-05 12:03:49  INFO  main org.springframework.data.repository.config.RepositoryConfigurationDelegate Finished Spring Data repository scanning in 12ms. Found 0 Redis repository interfaces.
2021-10-05 12:03:50  INFO  main org.springframework.context.support.PostProcessorRegistrationDelegate$BeanPostProcessorChecker Bean 'redisConfig' of type [com.star.forum.config.RedisConfig$$EnhancerBySpringCGLIB$$1] is not eligible for getting processed by all BeanPostProcessors (for example: not eligible for auto-proxying)
2021-10-05 12:03:51  INFO  main org.springframework.boot.web.embedded.tomcat.TomcatWebServer Tomcat initialized with port(s): 9000 (http)
2021-10-05 12:03:51  INFO  main org.apache.coyote.http11.Http11NioProtocol Initializing ProtocolHandler ["http-nio-9000"]
2021-10-05 12:03:51  INFO  main org.apache.catalina.core.StandardService Starting service [Tomcat]
2021-10-05 12:03:51  INFO  main org.apache.catalina.core.StandardEngine Starting Servlet engine: [Apache Tomcat/9.0.33]
2021-10-05 12:03:51  INFO  main org.apache.catalina.core.AprLifecycleListener Loaded APR based Apache Tomcat Native library [1.2.24] using APR version [1.7.0].
2021-10-05 12:03:51  INFO  main org.apache.catalina.core.AprLifecycleListener APR capabilities: IPv6 [true], sendfile [true], accept filters [false], random [true].
2021-10-05 12:03:51  INFO  main org.apache.catalina.core.AprLifecycleListener APR/OpenSSL configuration: useAprConnector [false], useOpenSSL [true]
2021-10-05 12:03:51  INFO  main org.apache.catalina.core.AprLifecycleListener OpenSSL successfully initialized [OpenSSL 1.1.1g  21 Apr 2020]
2021-10-05 12:03:51  INFO  main org.apache.catalina.core.ContainerBase.[Tomcat].[localhost].[/] Initializing Spring embedded WebApplicationContext
2021-10-05 12:03:51  INFO  main org.springframework.web.context.ContextLoader Root WebApplicationContext: initialization completed in 4007 ms
2021-10-05 12:03:54  INFO  main org.springframework.boot.devtools.autoconfigure.OptionalLiveReloadServer LiveReload server is running on port 35729
2021-10-05 12:03:56  INFO  main com.alibaba.druid.pool.DruidDataSource {dataSource-0} closing ...
2021-10-05 12:03:56  INFO  main org.apache.catalina.core.StandardService Stopping service [Tomcat]
2021-10-05 12:03:56  INFO  main org.springframework.boot.autoconfigure.logging.ConditionEvaluationReportLoggingListener 

Error starting ApplicationContext. To display the conditions report re-run your application with 'debug' enabled.
2021-10-05 12:05:41  INFO  main com.star.forum.StarryForumRunning Starting StarryForumRunning on Starry with PID 14096 (L:\Task\Starry-Forum\target\classes started by Star in L:\Task\Starry-Forum)
2021-10-05 12:05:41  INFO  main com.star.forum.StarryForumRunning No active profile set, falling back to default profiles: default
2021-10-05 12:05:42  INFO  main org.springframework.boot.devtools.env.DevToolsPropertyDefaultsPostProcessor Devtools property defaults active! Set 'spring.devtools.add-properties' to 'false' to disable
2021-10-05 12:05:42  INFO  main org.springframework.boot.devtools.env.DevToolsPropertyDefaultsPostProcessor For additional web related logging consider setting the 'logging.level.web' property to 'DEBUG'
2021-10-05 12:05:44  INFO  main org.springframework.data.repository.config.RepositoryConfigurationDelegate Multiple Spring Data modules found, entering strict repository configuration mode!
2021-10-05 12:05:44  INFO  main org.springframework.data.repository.config.RepositoryConfigurationDelegate Bootstrapping Spring Data Elasticsearch repositories in DEFAULT mode.
2021-10-05 12:05:44  INFO  main org.springframework.data.repository.config.RepositoryConfigurationDelegate Finished Spring Data repository scanning in 134ms. Found 1 Elasticsearch repository interfaces.
2021-10-05 12:05:44  INFO  main org.springframework.data.repository.config.RepositoryConfigurationDelegate Multiple Spring Data modules found, entering strict repository configuration mode!
2021-10-05 12:05:44  INFO  main org.springframework.data.repository.config.RepositoryConfigurationDelegate Bootstrapping Spring Data Reactive Elasticsearch repositories in DEFAULT mode.
2021-10-05 12:05:44  INFO  main org.springframework.data.repository.config.RepositoryConfigurationDelegate Finished Spring Data repository scanning in 30ms. Found 0 Reactive Elasticsearch repository interfaces.
2021-10-05 12:05:44  INFO  main org.springframework.data.repository.config.RepositoryConfigurationDelegate Multiple Spring Data modules found, entering strict repository configuration mode!
2021-10-05 12:05:44  INFO  main org.springframework.data.repository.config.RepositoryConfigurationDelegate Bootstrapping Spring Data Redis repositories in DEFAULT mode.
2021-10-05 12:05:44  INFO  main org.springframework.data.repository.config.RepositoryConfigurationExtensionSupport Spring Data Redis - Could not safely identify store assignment for repository candidate interface com.star.forum.search.PostRepository. If you want this repository to be a Redis repository, consider annotating your entities with one of these annotations: org.springframework.data.redis.core.RedisHash (preferred), or consider extending one of the following types with your repository: org.springframework.data.keyvalue.repository.KeyValueRepository.
2021-10-05 12:05:44  INFO  main org.springframework.data.repository.config.RepositoryConfigurationDelegate Finished Spring Data repository scanning in 20ms. Found 0 Redis repository interfaces.
2021-10-05 12:05:46  INFO  main org.springframework.context.support.PostProcessorRegistrationDelegate$BeanPostProcessorChecker Bean 'redisConfig' of type [com.star.forum.config.RedisConfig$$EnhancerBySpringCGLIB$$1] is not eligible for getting processed by all BeanPostProcessors (for example: not eligible for auto-proxying)
2021-10-05 12:05:47  INFO  main org.springframework.boot.web.embedded.tomcat.TomcatWebServer Tomcat initialized with port(s): 9000 (http)
2021-10-05 12:05:47  INFO  main org.apache.coyote.http11.Http11NioProtocol Initializing ProtocolHandler ["http-nio-9000"]
2021-10-05 12:05:47  INFO  main org.apache.catalina.core.StandardService Starting service [Tomcat]
2021-10-05 12:05:47  INFO  main org.apache.catalina.core.StandardEngine Starting Servlet engine: [Apache Tomcat/9.0.33]
2021-10-05 12:05:47  INFO  main org.apache.catalina.core.AprLifecycleListener Loaded APR based Apache Tomcat Native library [1.2.24] using APR version [1.7.0].
2021-10-05 12:05:47  INFO  main org.apache.catalina.core.AprLifecycleListener APR capabilities: IPv6 [true], sendfile [true], accept filters [false], random [true].
2021-10-05 12:05:47  INFO  main org.apache.catalina.core.AprLifecycleListener APR/OpenSSL configuration: useAprConnector [false], useOpenSSL [true]
2021-10-05 12:05:47  INFO  main org.apache.catalina.core.AprLifecycleListener OpenSSL successfully initialized [OpenSSL 1.1.1g  21 Apr 2020]
2021-10-05 12:05:48  INFO  main org.apache.catalina.core.ContainerBase.[Tomcat].[localhost].[/] Initializing Spring embedded WebApplicationContext
2021-10-05 12:05:48  INFO  main org.springframework.web.context.ContextLoader Root WebApplicationContext: initialization completed in 6053 ms
2021-10-05 12:05:51  INFO  main org.springframework.boot.devtools.autoconfigure.OptionalLiveReloadServer LiveReload server is running on port 35729
2021-10-05 12:05:53  INFO  main com.star.forum.config.RedisConfig 初始化 -> [Redis CacheErrorHandler]
2021-10-05 12:05:54  INFO  main springfox.documentation.spring.web.PropertySourcedRequestMappingHandlerMapping Mapped URL path [/v2/api-docs] onto method [springfox.documentation.swagger2.web.Swagger2Controller#getDocumentation(String, HttpServletRequest)]
2021-10-05 12:05:54  INFO  main org.springframework.scheduling.concurrent.ThreadPoolTaskExecutor Initializing ExecutorService 'applicationTaskExecutor'
2021-10-05 12:05:54  INFO  main org.springframework.boot.autoconfigure.web.servlet.WelcomePageHandlerMapping Adding welcome page template: index
2021-10-05 12:05:54  INFO  main org.springframework.scheduling.concurrent.ThreadPoolTaskScheduler Initializing ExecutorService 'taskScheduler'
2021-10-05 12:05:54  INFO  main springfox.documentation.spring.web.plugins.DocumentationPluginsBootstrapper Context refreshed
2021-10-05 12:05:55  INFO  main springfox.documentation.spring.web.plugins.DocumentationPluginsBootstrapper Found 1 custom documentation plugin(s)
2021-10-05 12:05:55  INFO  main springfox.documentation.spring.web.scanners.ApiListingReferenceScanner Scanning for api listing references
2021-10-05 12:05:55  INFO  main springfox.documentation.spring.web.readers.operation.CachingOperationNameGenerator Generating unique operation named: indexUsingGET_1
2021-10-05 12:05:55  INFO  main springfox.documentation.spring.web.readers.operation.CachingOperationNameGenerator Generating unique operation named: insertUsingPOST_1
2021-10-05 12:05:55  INFO  main springfox.documentation.spring.web.readers.operation.CachingOperationNameGenerator Generating unique operation named: pUsingGET_1
2021-10-05 12:05:55  INFO  main springfox.documentation.spring.web.readers.operation.CachingOperationNameGenerator Generating unique operation named: poUsingGET_1
2021-10-05 12:05:55  INFO  main springfox.documentation.spring.web.readers.operation.CachingOperationNameGenerator Generating unique operation named: poUsingGET_2
2021-10-05 12:05:55  INFO  main springfox.documentation.spring.web.readers.operation.CachingOperationNameGenerator Generating unique operation named: setQuestionByIdUsingPOST_1
2021-10-05 12:05:55  INFO  main springfox.documentation.spring.web.readers.operation.CachingOperationNameGenerator Generating unique operation named: commentListUsingGET_1
2021-10-05 12:05:55  INFO  main springfox.documentation.spring.web.readers.operation.CachingOperationNameGenerator Generating unique operation named: insertUsingPOST_2
2021-10-05 12:05:55  INFO  main springfox.documentation.spring.web.readers.operation.CachingOperationNameGenerator Generating unique operation named: setQuestionByIdUsingPOST_2
2021-10-05 12:05:55  INFO  main springfox.documentation.spring.web.readers.operation.CachingOperationNameGenerator Generating unique operation named: commentUsingGET_1
2021-10-05 12:05:55  INFO  main springfox.documentation.spring.web.readers.operation.CachingOperationNameGenerator Generating unique operation named: commentListUsingGET_2
2021-10-05 12:05:55  INFO  main org.springframework.amqp.rabbit.connection.CachingConnectionFactory Attempting to connect to: [localhost:5672]
2021-10-05 12:05:55  INFO  main org.springframework.amqp.rabbit.connection.CachingConnectionFactory Created new connection: rabbitConnectionFactory#1c98fe6f:0/SimpleConnection@2e56b485 [delegate=amqp://guest@127.0.0.1:5672/, localPort= 28085]
2021-10-05 12:05:55  INFO  scheduling-1 com.star.forum.schedule.HotTagTasks hotTagSchedule start Tue Oct 05 12:05:55 CST 2021
2021-10-05 12:05:55  INFO  main org.apache.coyote.http11.Http11NioProtocol Starting ProtocolHandler ["http-nio-9000"]
2021-10-05 12:05:55  INFO  main org.springframework.boot.web.embedded.tomcat.TomcatWebServer Tomcat started on port(s): 9000 (http) with context path ''
2021-10-05 12:05:55  INFO  main com.star.forum.StarryForumRunning Started StarryForumRunning in 15.369 seconds (JVM running for 27.451)
2021-10-05 12:05:55  INFO  main com.star.forum.search.InitializationRunner 开启扫描索引
2021-10-05 12:05:56  INFO  scheduling-1 com.alibaba.druid.pool.DruidDataSource {dataSource-1} inited
2021-10-05 12:05:56  INFO  main com.star.forum.search.InitializationRunner ===开始初始化索引===
2021-10-05 12:05:56  INFO  scheduling-1 com.star.forum.schedule.HotTagTasks hotTagSchedule stop Tue Oct 05 12:05:56 CST 2021
2021-10-05 12:05:56  INFO  scheduling-1 com.star.forum.schedule.LoginUserTasks loginUserSchedule start Tue Oct 05 12:05:56 CST 2021
2021-10-05 12:05:56  INFO  scheduling-1 com.star.forum.schedule.LoginUserTasks loginUserSchedule stop Tue Oct 05 12:05:56 CST 2021
2021-10-05 12:05:56  INFO  main com.star.forum.search.InitializationRunner ===初始化索引结束===
2021-10-05 12:05:56  INFO  main com.star.forum.StarryForumRunning =============== Starry Forum Running ===============
2021-10-05 12:06:08  INFO  File Watcher org.springframework.data.repository.config.RepositoryConfigurationDelegate Bootstrapping Spring Data Elasticsearch repositories in DEFAULT mode.
2021-10-05 12:06:08  INFO  File Watcher org.springframework.data.repository.config.RepositoryConfigurationDelegate Finished Spring Data repository scanning in 23ms. Found 0 Elasticsearch repository interfaces.
2021-10-05 12:06:08  INFO  File Watcher org.springframework.data.repository.config.RepositoryConfigurationDelegate Bootstrapping Spring Data Redis repositories in DEFAULT mode.
2021-10-05 12:06:08  INFO  File Watcher org.springframework.data.repository.config.RepositoryConfigurationDelegate Finished Spring Data repository scanning in 17ms. Found 0 Redis repository interfaces.
2021-10-05 12:06:08  INFO  File Watcher org.springframework.data.repository.config.RepositoryConfigurationDelegate Bootstrapping Spring Data Reactive Elasticsearch repositories in DEFAULT mode.
2021-10-05 12:06:08  INFO  File Watcher org.springframework.data.repository.config.RepositoryConfigurationDelegate Finished Spring Data repository scanning in 14ms. Found 0 Reactive Elasticsearch repository interfaces.
2021-10-05 12:06:28  INFO  http-nio-9000-exec-1 org.springframework.data.repository.config.RepositoryConfigurationDelegate Bootstrapping Spring Data Elasticsearch repositories in DEFAULT mode.
2021-10-05 12:06:28  INFO  http-nio-9000-exec-1 org.springframework.data.repository.config.RepositoryConfigurationDelegate Finished Spring Data repository scanning in 13ms. Found 0 Elasticsearch repository interfaces.
2021-10-05 12:06:28  INFO  http-nio-9000-exec-1 org.springframework.data.repository.config.RepositoryConfigurationDelegate Bootstrapping Spring Data Redis repositories in DEFAULT mode.
2021-10-05 12:06:28  INFO  http-nio-9000-exec-1 org.springframework.data.repository.config.RepositoryConfigurationDelegate Finished Spring Data repository scanning in 9ms. Found 0 Redis repository interfaces.
2021-10-05 12:06:28  INFO  http-nio-9000-exec-1 org.springframework.data.repository.config.RepositoryConfigurationDelegate Bootstrapping Spring Data Reactive Elasticsearch repositories in DEFAULT mode.
2021-10-05 12:06:28  INFO  http-nio-9000-exec-1 org.springframework.data.repository.config.RepositoryConfigurationDelegate Finished Spring Data repository scanning in 9ms. Found 0 Reactive Elasticsearch repository interfaces.
2021-10-05 12:06:28  INFO  http-nio-9000-exec-1 org.apache.catalina.core.ContainerBase.[Tomcat].[localhost].[/] Initializing Spring DispatcherServlet 'dispatcherServlet'
2021-10-05 12:06:28  INFO  http-nio-9000-exec-1 org.springframework.web.servlet.DispatcherServlet Initializing Servlet 'dispatcherServlet'
2021-10-05 12:06:28  INFO  http-nio-9000-exec-1 org.springframework.web.servlet.DispatcherServlet Completed initialization in 21 ms
2021-10-05 12:07:02  INFO  SpringContextShutdownHook org.springframework.amqp.rabbit.listener.SimpleMessageListenerContainer Waiting for workers to finish.
2021-10-05 12:07:02  INFO  SpringContextShutdownHook org.springframework.amqp.rabbit.listener.SimpleMessageListenerContainer Successfully waited for workers to finish.
2021-10-05 12:07:02  INFO  SpringContextShutdownHook org.springframework.scheduling.concurrent.ThreadPoolTaskScheduler Shutting down ExecutorService 'taskScheduler'
2021-10-05 12:07:02  INFO  SpringContextShutdownHook org.springframework.amqp.rabbit.listener.SimpleMessageListenerContainer Shutdown ignored - container is not active already
2021-10-05 12:07:02  INFO  SpringContextShutdownHook org.springframework.scheduling.concurrent.ThreadPoolTaskExecutor Shutting down ExecutorService 'applicationTaskExecutor'
2021-10-05 12:07:02  INFO  SpringContextShutdownHook com.alibaba.druid.pool.DruidDataSource {dataSource-1} closing ...
2021-10-05 12:07:02  INFO  SpringContextShutdownHook com.alibaba.druid.pool.DruidDataSource {dataSource-1} closed
2021-10-05 12:27:26  INFO  background-preinit org.hibernate.validator.internal.util.Version HV000001: Hibernate Validator 6.2.0.Final
2021-10-05 12:27:26  INFO  main com.star.forum.StarryForumRunning Starting StarryForumRunning using Java 1.8.0_261 on Starry with PID 17308 (L:\Task\Starry-Forum\target\classes started by Star in L:\Task\Starry-Forum)
2021-10-05 12:27:26  INFO  main com.star.forum.StarryForumRunning No active profile set, falling back to default profiles: default
2021-10-05 12:27:26  INFO  main org.springframework.boot.devtools.env.DevToolsPropertyDefaultsPostProcessor Devtools property defaults active! Set 'spring.devtools.add-properties' to 'false' to disable
2021-10-05 12:27:26  INFO  main org.springframework.boot.devtools.env.DevToolsPropertyDefaultsPostProcessor For additional web related logging consider setting the 'logging.level.web' property to 'DEBUG'
2021-10-05 12:27:28  INFO  main org.springframework.data.repository.config.RepositoryConfigurationDelegate Multiple Spring Data modules found, entering strict repository configuration mode!
2021-10-05 12:27:28  INFO  main org.springframework.data.repository.config.RepositoryConfigurationDelegate Bootstrapping Spring Data Elasticsearch repositories in DEFAULT mode.
2021-10-05 12:27:29  INFO  main org.springframework.data.repository.config.RepositoryConfigurationDelegate Finished Spring Data repository scanning in 300 ms. Found 1 Elasticsearch repository interfaces.
2021-10-05 12:27:29  INFO  main org.springframework.data.repository.config.RepositoryConfigurationDelegate Multiple Spring Data modules found, entering strict repository configuration mode!
2021-10-05 12:27:29  INFO  main org.springframework.data.repository.config.RepositoryConfigurationDelegate Bootstrapping Spring Data Reactive Elasticsearch repositories in DEFAULT mode.
2021-10-05 12:27:29  INFO  main org.springframework.data.repository.config.RepositoryConfigurationDelegate Finished Spring Data repository scanning in 19 ms. Found 0 Reactive Elasticsearch repository interfaces.
2021-10-05 12:27:29  INFO  main org.springframework.data.repository.config.RepositoryConfigurationDelegate Multiple Spring Data modules found, entering strict repository configuration mode!
2021-10-05 12:27:29  INFO  main org.springframework.data.repository.config.RepositoryConfigurationDelegate Bootstrapping Spring Data Redis repositories in DEFAULT mode.
2021-10-05 12:27:29  INFO  main org.springframework.data.repository.config.RepositoryConfigurationExtensionSupport Spring Data Redis - Could not safely identify store assignment for repository candidate interface com.star.forum.search.PostRepository. If you want this repository to be a Redis repository, consider annotating your entities with one of these annotations: org.springframework.data.redis.core.RedisHash (preferred), or consider extending one of the following types with your repository: org.springframework.data.keyvalue.repository.KeyValueRepository.
2021-10-05 12:27:29  INFO  main org.springframework.data.repository.config.RepositoryConfigurationDelegate Finished Spring Data repository scanning in 19 ms. Found 0 Redis repository interfaces.
2021-10-05 12:27:30  INFO  main org.springframework.context.support.PostProcessorRegistrationDelegate$BeanPostProcessorChecker Bean 'redisConfig' of type [com.star.forum.config.RedisConfig$$EnhancerBySpringCGLIB$$1] is not eligible for getting processed by all BeanPostProcessors (for example: not eligible for auto-proxying)
2021-10-05 12:27:31  INFO  main org.springframework.boot.web.embedded.tomcat.TomcatWebServer Tomcat initialized with port(s): 9000 (http)
2021-10-05 12:27:31  INFO  main org.apache.coyote.http11.Http11NioProtocol Initializing ProtocolHandler ["http-nio-9000"]
2021-10-05 12:27:31  INFO  main org.apache.catalina.core.StandardService Starting service [Tomcat]
2021-10-05 12:27:31  INFO  main org.apache.catalina.core.StandardEngine Starting Servlet engine: [Apache Tomcat/9.0.53]
2021-10-05 12:27:31  INFO  main org.apache.catalina.core.AprLifecycleListener An older version [1.2.24] of the Apache Tomcat Native library is installed, while Tomcat recommends a minimum version of [1.2.30]
2021-10-05 12:27:31  INFO  main org.apache.catalina.core.AprLifecycleListener Loaded Apache Tomcat Native library [1.2.24] using APR version [1.7.0].
2021-10-05 12:27:31  INFO  main org.apache.catalina.core.AprLifecycleListener APR capabilities: IPv6 [true], sendfile [true], accept filters [false], random [true], UDS [false].
2021-10-05 12:27:31  INFO  main org.apache.catalina.core.AprLifecycleListener APR/OpenSSL configuration: useAprConnector [false], useOpenSSL [true]
2021-10-05 12:27:31  INFO  main org.apache.catalina.core.AprLifecycleListener OpenSSL successfully initialized [OpenSSL 1.1.1g  21 Apr 2020]
2021-10-05 12:27:31  INFO  main org.apache.catalina.core.ContainerBase.[Tomcat].[localhost].[/] Initializing Spring embedded WebApplicationContext
2021-10-05 12:27:31  INFO  main org.springframework.boot.web.servlet.context.ServletWebServerApplicationContext Root WebApplicationContext: initialization completed in 4512 ms
2021-10-05 12:27:33  INFO  main com.alibaba.druid.pool.DruidDataSource {dataSource-0} closing ...
2021-10-05 12:27:33  INFO  main org.apache.catalina.core.StandardService Stopping service [Tomcat]
2021-10-05 12:27:33  INFO  main org.springframework.boot.autoconfigure.logging.ConditionEvaluationReportLoggingListener 

Error starting ApplicationContext. To display the conditions report re-run your application with 'debug' enabled.
2021-10-05 12:36:06  INFO  background-preinit org.hibernate.validator.internal.util.Version HV000001: Hibernate Validator 6.2.0.Final
2021-10-05 12:36:06  INFO  main com.star.forum.StarryForumRunning Starting StarryForumRunning using Java 1.8.0_261 on Starry with PID 5000 (L:\Task\Starry-Forum\target\classes started by Star in L:\Task\Starry-Forum)
2021-10-05 12:36:06  INFO  main com.star.forum.StarryForumRunning No active profile set, falling back to default profiles: default
2021-10-05 12:36:06  INFO  main org.springframework.boot.devtools.env.DevToolsPropertyDefaultsPostProcessor Devtools property defaults active! Set 'spring.devtools.add-properties' to 'false' to disable
2021-10-05 12:36:06  INFO  main org.springframework.boot.devtools.env.DevToolsPropertyDefaultsPostProcessor For additional web related logging consider setting the 'logging.level.web' property to 'DEBUG'
2021-10-05 12:36:08  INFO  main org.springframework.data.repository.config.RepositoryConfigurationDelegate Multiple Spring Data modules found, entering strict repository configuration mode!
2021-10-05 12:36:08  INFO  main org.springframework.data.repository.config.RepositoryConfigurationDelegate Bootstrapping Spring Data Elasticsearch repositories in DEFAULT mode.
2021-10-05 12:36:08  INFO  main org.springframework.data.repository.config.RepositoryConfigurationDelegate Finished Spring Data repository scanning in 76 ms. Found 1 Elasticsearch repository interfaces.
2021-10-05 12:36:08  INFO  main org.springframework.data.repository.config.RepositoryConfigurationDelegate Multiple Spring Data modules found, entering strict repository configuration mode!
2021-10-05 12:36:08  INFO  main org.springframework.data.repository.config.RepositoryConfigurationDelegate Bootstrapping Spring Data Reactive Elasticsearch repositories in DEFAULT mode.
2021-10-05 12:36:08  INFO  main org.springframework.data.repository.config.RepositoryConfigurationDelegate Finished Spring Data repository scanning in 12 ms. Found 0 Reactive Elasticsearch repository interfaces.
2021-10-05 12:36:08  INFO  main org.springframework.data.repository.config.RepositoryConfigurationDelegate Multiple Spring Data modules found, entering strict repository configuration mode!
2021-10-05 12:36:08  INFO  main org.springframework.data.repository.config.RepositoryConfigurationDelegate Bootstrapping Spring Data Redis repositories in DEFAULT mode.
2021-10-05 12:36:08  INFO  main org.springframework.data.repository.config.RepositoryConfigurationExtensionSupport Spring Data Redis - Could not safely identify store assignment for repository candidate interface com.star.forum.search.PostRepository. If you want this repository to be a Redis repository, consider annotating your entities with one of these annotations: org.springframework.data.redis.core.RedisHash (preferred), or consider extending one of the following types with your repository: org.springframework.data.keyvalue.repository.KeyValueRepository.
2021-10-05 12:36:08  INFO  main org.springframework.data.repository.config.RepositoryConfigurationDelegate Finished Spring Data repository scanning in 11 ms. Found 0 Redis repository interfaces.
2021-10-05 12:36:09  INFO  main org.springframework.context.support.PostProcessorRegistrationDelegate$BeanPostProcessorChecker Bean 'redisConfig' of type [com.star.forum.config.RedisConfig$$EnhancerBySpringCGLIB$$1] is not eligible for getting processed by all BeanPostProcessors (for example: not eligible for auto-proxying)
2021-10-05 12:36:09  INFO  main org.springframework.boot.web.embedded.tomcat.TomcatWebServer Tomcat initialized with port(s): 9000 (http)
2021-10-05 12:36:09  INFO  main org.apache.coyote.http11.Http11NioProtocol Initializing ProtocolHandler ["http-nio-9000"]
2021-10-05 12:36:09  INFO  main org.apache.catalina.core.StandardService Starting service [Tomcat]
2021-10-05 12:36:09  INFO  main org.apache.catalina.core.StandardEngine Starting Servlet engine: [Apache Tomcat/9.0.53]
2021-10-05 12:36:09  INFO  main org.apache.catalina.core.AprLifecycleListener An older version [1.2.24] of the Apache Tomcat Native library is installed, while Tomcat recommends a minimum version of [1.2.30]
2021-10-05 12:36:09  INFO  main org.apache.catalina.core.AprLifecycleListener Loaded Apache Tomcat Native library [1.2.24] using APR version [1.7.0].
2021-10-05 12:36:09  INFO  main org.apache.catalina.core.AprLifecycleListener APR capabilities: IPv6 [true], sendfile [true], accept filters [false], random [true], UDS [false].
2021-10-05 12:36:09  INFO  main org.apache.catalina.core.AprLifecycleListener APR/OpenSSL configuration: useAprConnector [false], useOpenSSL [true]
2021-10-05 12:36:09  INFO  main org.apache.catalina.core.AprLifecycleListener OpenSSL successfully initialized [OpenSSL 1.1.1g  21 Apr 2020]
2021-10-05 12:36:09  INFO  main org.apache.catalina.core.ContainerBase.[Tomcat].[localhost].[/] Initializing Spring embedded WebApplicationContext
2021-10-05 12:36:09  INFO  main org.springframework.boot.web.servlet.context.ServletWebServerApplicationContext Root WebApplicationContext: initialization completed in 3133 ms
2021-10-05 12:36:11  INFO  main com.alibaba.druid.pool.DruidDataSource {dataSource-0} closing ...
2021-10-05 12:36:11  INFO  main org.apache.catalina.core.StandardService Stopping service [Tomcat]
2021-10-05 12:36:11  INFO  main org.springframework.boot.autoconfigure.logging.ConditionEvaluationReportLoggingListener 

Error starting ApplicationContext. To display the conditions report re-run your application with 'debug' enabled.
2021-10-05 12:36:57  INFO  background-preinit org.hibernate.validator.internal.util.Version HV000001: Hibernate Validator 6.2.0.Final
2021-10-05 12:36:57  INFO  main com.star.forum.StarryForumRunning Starting StarryForumRunning using Java 1.8.0_261 on Starry with PID 12700 (L:\Task\Starry-Forum\target\classes started by Star in L:\Task\Starry-Forum)
2021-10-05 12:36:57  INFO  main com.star.forum.StarryForumRunning No active profile set, falling back to default profiles: default
2021-10-05 12:36:57  INFO  main org.springframework.boot.devtools.env.DevToolsPropertyDefaultsPostProcessor Devtools property defaults active! Set 'spring.devtools.add-properties' to 'false' to disable
2021-10-05 12:36:57  INFO  main org.springframework.boot.devtools.env.DevToolsPropertyDefaultsPostProcessor For additional web related logging consider setting the 'logging.level.web' property to 'DEBUG'
2021-10-05 12:36:59  INFO  main org.springframework.data.repository.config.RepositoryConfigurationDelegate Multiple Spring Data modules found, entering strict repository configuration mode!
2021-10-05 12:36:59  INFO  main org.springframework.data.repository.config.RepositoryConfigurationDelegate Bootstrapping Spring Data Elasticsearch repositories in DEFAULT mode.
2021-10-05 12:36:59  INFO  main org.springframework.data.repository.config.RepositoryConfigurationDelegate Finished Spring Data repository scanning in 77 ms. Found 1 Elasticsearch repository interfaces.
2021-10-05 12:36:59  INFO  main org.springframework.data.repository.config.RepositoryConfigurationDelegate Multiple Spring Data modules found, entering strict repository configuration mode!
2021-10-05 12:36:59  INFO  main org.springframework.data.repository.config.RepositoryConfigurationDelegate Bootstrapping Spring Data Reactive Elasticsearch repositories in DEFAULT mode.
2021-10-05 12:36:59  INFO  main org.springframework.data.repository.config.RepositoryConfigurationDelegate Finished Spring Data repository scanning in 11 ms. Found 0 Reactive Elasticsearch repository interfaces.
2021-10-05 12:36:59  INFO  main org.springframework.data.repository.config.RepositoryConfigurationDelegate Multiple Spring Data modules found, entering strict repository configuration mode!
2021-10-05 12:36:59  INFO  main org.springframework.data.repository.config.RepositoryConfigurationDelegate Bootstrapping Spring Data Redis repositories in DEFAULT mode.
2021-10-05 12:36:59  INFO  main org.springframework.data.repository.config.RepositoryConfigurationExtensionSupport Spring Data Redis - Could not safely identify store assignment for repository candidate interface com.star.forum.search.PostRepository. If you want this repository to be a Redis repository, consider annotating your entities with one of these annotations: org.springframework.data.redis.core.RedisHash (preferred), or consider extending one of the following types with your repository: org.springframework.data.keyvalue.repository.KeyValueRepository.
2021-10-05 12:36:59  INFO  main org.springframework.data.repository.config.RepositoryConfigurationDelegate Finished Spring Data repository scanning in 11 ms. Found 0 Redis repository interfaces.
2021-10-05 12:36:59  INFO  main org.springframework.context.support.PostProcessorRegistrationDelegate$BeanPostProcessorChecker Bean 'redisConfig' of type [com.star.forum.config.RedisConfig$$EnhancerBySpringCGLIB$$1] is not eligible for getting processed by all BeanPostProcessors (for example: not eligible for auto-proxying)
2021-10-05 12:37:00  INFO  main org.springframework.boot.web.embedded.tomcat.TomcatWebServer Tomcat initialized with port(s): 9000 (http)
2021-10-05 12:37:00  INFO  main org.apache.coyote.http11.Http11NioProtocol Initializing ProtocolHandler ["http-nio-9000"]
2021-10-05 12:37:00  INFO  main org.apache.catalina.core.StandardService Starting service [Tomcat]
2021-10-05 12:37:00  INFO  main org.apache.catalina.core.StandardEngine Starting Servlet engine: [Apache Tomcat/9.0.53]
2021-10-05 12:37:00  INFO  main org.apache.catalina.core.AprLifecycleListener An older version [1.2.24] of the Apache Tomcat Native library is installed, while Tomcat recommends a minimum version of [1.2.30]
2021-10-05 12:37:00  INFO  main org.apache.catalina.core.AprLifecycleListener Loaded Apache Tomcat Native library [1.2.24] using APR version [1.7.0].
2021-10-05 12:37:00  INFO  main org.apache.catalina.core.AprLifecycleListener APR capabilities: IPv6 [true], sendfile [true], accept filters [false], random [true], UDS [false].
2021-10-05 12:37:00  INFO  main org.apache.catalina.core.AprLifecycleListener APR/OpenSSL configuration: useAprConnector [false], useOpenSSL [true]
2021-10-05 12:37:00  INFO  main org.apache.catalina.core.AprLifecycleListener OpenSSL successfully initialized [OpenSSL 1.1.1g  21 Apr 2020]
2021-10-05 12:37:00  INFO  main org.apache.catalina.core.ContainerBase.[Tomcat].[localhost].[/] Initializing Spring embedded WebApplicationContext
2021-10-05 12:37:00  INFO  main org.springframework.boot.web.servlet.context.ServletWebServerApplicationContext Root WebApplicationContext: initialization completed in 3011 ms
2021-10-05 12:37:02  INFO  main org.springframework.boot.devtools.autoconfigure.OptionalLiveReloadServer LiveReload server is running on port 35729
2021-10-05 12:37:02  INFO  main org.springframework.data.elasticsearch.support.VersionInfo Version Spring Data Elasticsearch: 4.2.5
2021-10-05 12:37:02  INFO  main org.springframework.data.elasticsearch.support.VersionInfo Version Elasticsearch Client in build: 7.12.1
2021-10-05 12:37:02  INFO  main org.springframework.data.elasticsearch.support.VersionInfo Version Elasticsearch Client used: 7.12.1
2021-10-05 12:37:02  INFO  main org.springframework.data.elasticsearch.support.VersionInfo Version Elasticsearch cluster: 7.12.0
2021-10-05 12:37:03  INFO  main com.alibaba.druid.pool.DruidDataSource {dataSource-0} closing ...
2021-10-05 12:37:03  INFO  main org.apache.catalina.core.StandardService Stopping service [Tomcat]
2021-10-05 12:37:03  INFO  main org.springframework.boot.autoconfigure.logging.ConditionEvaluationReportLoggingListener 

Error starting ApplicationContext. To display the conditions report re-run your application with 'debug' enabled.
2021-10-05 12:38:11  INFO  background-preinit org.hibernate.validator.internal.util.Version HV000001: Hibernate Validator 6.2.0.Final
2021-10-05 12:38:11  INFO  main com.star.forum.StarryForumRunning Starting StarryForumRunning using Java 1.8.0_261 on Starry with PID 13116 (L:\Task\Starry-Forum\target\classes started by Star in L:\Task\Starry-Forum)
2021-10-05 12:38:11  INFO  main com.star.forum.StarryForumRunning No active profile set, falling back to default profiles: default
2021-10-05 12:38:11  INFO  main org.springframework.boot.devtools.env.DevToolsPropertyDefaultsPostProcessor Devtools property defaults active! Set 'spring.devtools.add-properties' to 'false' to disable
2021-10-05 12:38:11  INFO  main org.springframework.boot.devtools.env.DevToolsPropertyDefaultsPostProcessor For additional web related logging consider setting the 'logging.level.web' property to 'DEBUG'
2021-10-05 12:38:13  INFO  main org.springframework.data.repository.config.RepositoryConfigurationDelegate Multiple Spring Data modules found, entering strict repository configuration mode!
2021-10-05 12:38:13  INFO  main org.springframework.data.repository.config.RepositoryConfigurationDelegate Bootstrapping Spring Data Elasticsearch repositories in DEFAULT mode.
2021-10-05 12:38:13  INFO  main org.springframework.data.repository.config.RepositoryConfigurationDelegate Finished Spring Data repository scanning in 112 ms. Found 1 Elasticsearch repository interfaces.
2021-10-05 12:38:13  INFO  main org.springframework.data.repository.config.RepositoryConfigurationDelegate Multiple Spring Data modules found, entering strict repository configuration mode!
2021-10-05 12:38:13  INFO  main org.springframework.data.repository.config.RepositoryConfigurationDelegate Bootstrapping Spring Data Reactive Elasticsearch repositories in DEFAULT mode.
2021-10-05 12:38:13  INFO  main org.springframework.data.repository.config.RepositoryConfigurationDelegate Finished Spring Data repository scanning in 18 ms. Found 0 Reactive Elasticsearch repository interfaces.
2021-10-05 12:38:13  INFO  main org.springframework.data.repository.config.RepositoryConfigurationDelegate Multiple Spring Data modules found, entering strict repository configuration mode!
2021-10-05 12:38:13  INFO  main org.springframework.data.repository.config.RepositoryConfigurationDelegate Bootstrapping Spring Data Redis repositories in DEFAULT mode.
2021-10-05 12:38:13  INFO  main org.springframework.data.repository.config.RepositoryConfigurationExtensionSupport Spring Data Redis - Could not safely identify store assignment for repository candidate interface com.star.forum.search.PostRepository. If you want this repository to be a Redis repository, consider annotating your entities with one of these annotations: org.springframework.data.redis.core.RedisHash (preferred), or consider extending one of the following types with your repository: org.springframework.data.keyvalue.repository.KeyValueRepository.
2021-10-05 12:38:13  INFO  main org.springframework.data.repository.config.RepositoryConfigurationDelegate Finished Spring Data repository scanning in 15 ms. Found 0 Redis repository interfaces.
2021-10-05 12:38:14  INFO  main org.springframework.context.support.PostProcessorRegistrationDelegate$BeanPostProcessorChecker Bean 'redisConfig' of type [com.star.forum.config.RedisConfig$$EnhancerBySpringCGLIB$$1] is not eligible for getting processed by all BeanPostProcessors (for example: not eligible for auto-proxying)
2021-10-05 12:38:14  INFO  main org.springframework.boot.web.embedded.tomcat.TomcatWebServer Tomcat initialized with port(s): 9000 (http)
2021-10-05 12:38:14  INFO  main org.apache.coyote.http11.Http11NioProtocol Initializing ProtocolHandler ["http-nio-9000"]
2021-10-05 12:38:14  INFO  main org.apache.catalina.core.StandardService Starting service [Tomcat]
2021-10-05 12:38:14  INFO  main org.apache.catalina.core.StandardEngine Starting Servlet engine: [Apache Tomcat/9.0.53]
2021-10-05 12:38:14  INFO  main org.apache.catalina.core.AprLifecycleListener An older version [1.2.24] of the Apache Tomcat Native library is installed, while Tomcat recommends a minimum version of [1.2.30]
2021-10-05 12:38:14  INFO  main org.apache.catalina.core.AprLifecycleListener Loaded Apache Tomcat Native library [1.2.24] using APR version [1.7.0].
2021-10-05 12:38:14  INFO  main org.apache.catalina.core.AprLifecycleListener APR capabilities: IPv6 [true], sendfile [true], accept filters [false], random [true], UDS [false].
2021-10-05 12:38:14  INFO  main org.apache.catalina.core.AprLifecycleListener APR/OpenSSL configuration: useAprConnector [false], useOpenSSL [true]
2021-10-05 12:38:14  INFO  main org.apache.catalina.core.AprLifecycleListener OpenSSL successfully initialized [OpenSSL 1.1.1g  21 Apr 2020]
2021-10-05 12:38:14  INFO  main org.apache.catalina.core.ContainerBase.[Tomcat].[localhost].[/] Initializing Spring embedded WebApplicationContext
2021-10-05 12:38:14  INFO  main org.springframework.boot.web.servlet.context.ServletWebServerApplicationContext Root WebApplicationContext: initialization completed in 3560 ms
2021-10-05 12:38:16  INFO  main org.springframework.boot.devtools.autoconfigure.OptionalLiveReloadServer LiveReload server is running on port 35729
2021-10-05 12:38:17  INFO  main org.springframework.data.elasticsearch.support.VersionInfo Version Spring Data Elasticsearch: 4.2.5
2021-10-05 12:38:17  INFO  main org.springframework.data.elasticsearch.support.VersionInfo Version Elasticsearch Client in build: 7.12.1
2021-10-05 12:38:17  INFO  main org.springframework.data.elasticsearch.support.VersionInfo Version Elasticsearch Client used: 7.12.1
2021-10-05 12:38:17  INFO  main org.springframework.data.elasticsearch.support.VersionInfo Version Elasticsearch cluster: 7.12.0
2021-10-05 12:38:18  INFO  main com.star.forum.config.RedisConfig 初始化 -> [Redis CacheErrorHandler]
2021-10-05 12:38:18  INFO  main springfox.documentation.spring.web.PropertySourcedRequestMappingHandlerMapping Mapped URL path [/v2/api-docs] onto method [springfox.documentation.swagger2.web.Swagger2Controller#getDocumentation(String, HttpServletRequest)]
2021-10-05 12:38:19  INFO  main org.springframework.boot.autoconfigure.web.servlet.WelcomePageHandlerMapping Adding welcome page template: index
2021-10-05 12:38:19  INFO  main org.apache.coyote.http11.Http11NioProtocol Starting ProtocolHandler ["http-nio-9000"]
2021-10-05 12:38:19  INFO  main org.springframework.boot.web.embedded.tomcat.TomcatWebServer Tomcat started on port(s): 9000 (http) with context path ''
2021-10-05 12:38:19  INFO  main springfox.documentation.spring.web.plugins.DocumentationPluginsBootstrapper Context refreshed
2021-10-05 12:38:20  INFO  main springfox.documentation.spring.web.plugins.DocumentationPluginsBootstrapper Found 1 custom documentation plugin(s)
2021-10-05 12:38:20  INFO  main springfox.documentation.spring.web.scanners.ApiListingReferenceScanner Scanning for api listing references
2021-10-05 12:38:20  INFO  main springfox.documentation.spring.web.readers.operation.CachingOperationNameGenerator Generating unique operation named: indexUsingGET_1
2021-10-05 12:38:20  INFO  main springfox.documentation.spring.web.readers.operation.CachingOperationNameGenerator Generating unique operation named: insertUsingPOST_1
2021-10-05 12:38:20  INFO  main springfox.documentation.spring.web.readers.operation.CachingOperationNameGenerator Generating unique operation named: pUsingGET_1
2021-10-05 12:38:20  INFO  main springfox.documentation.spring.web.readers.operation.CachingOperationNameGenerator Generating unique operation named: poUsingGET_1
2021-10-05 12:38:20  INFO  main springfox.documentation.spring.web.readers.operation.CachingOperationNameGenerator Generating unique operation named: poUsingGET_2
2021-10-05 12:38:20  INFO  main springfox.documentation.spring.web.readers.operation.CachingOperationNameGenerator Generating unique operation named: setQuestionByIdUsingPOST_1
2021-10-05 12:38:20  INFO  main springfox.documentation.spring.web.readers.operation.CachingOperationNameGenerator Generating unique operation named: commentListUsingGET_1
2021-10-05 12:38:20  INFO  main springfox.documentation.spring.web.readers.operation.CachingOperationNameGenerator Generating unique operation named: insertUsingPOST_2
2021-10-05 12:38:20  INFO  main springfox.documentation.spring.web.readers.operation.CachingOperationNameGenerator Generating unique operation named: setQuestionByIdUsingPOST_2
2021-10-05 12:38:20  INFO  main springfox.documentation.spring.web.readers.operation.CachingOperationNameGenerator Generating unique operation named: commentUsingGET_1
2021-10-05 12:38:20  INFO  main springfox.documentation.spring.web.readers.operation.CachingOperationNameGenerator Generating unique operation named: commentListUsingGET_2
2021-10-05 12:38:20  INFO  main org.springframework.amqp.rabbit.connection.CachingConnectionFactory Attempting to connect to: [localhost:5672]
2021-10-05 12:38:20  INFO  main org.springframework.amqp.rabbit.connection.CachingConnectionFactory Created new connection: rabbitConnectionFactory#7619fbe7:0/SimpleConnection@47c07998 [delegate=amqp://guest@127.0.0.1:5672/, localPort= 31175]
2021-10-05 12:38:20  INFO  scheduling-1 com.star.forum.schedule.HotTagTasks hotTagSchedule start Tue Oct 05 12:38:20 CST 2021
2021-10-05 12:38:20  INFO  main com.star.forum.StarryForumRunning Started StarryForumRunning in 10.213 seconds (JVM running for 19.115)
2021-10-05 12:38:20  INFO  main com.star.forum.search.InitializationRunner 开启扫描索引
2021-10-05 12:38:20  INFO  main com.star.forum.search.InitializationRunner ===开始初始化索引===
2021-10-05 12:38:20  INFO  scheduling-1 com.alibaba.druid.pool.DruidDataSource {dataSource-1} inited
2021-10-05 12:38:21  INFO  scheduling-1 com.star.forum.schedule.HotTagTasks hotTagSchedule stop Tue Oct 05 12:38:21 CST 2021
2021-10-05 12:38:21  INFO  scheduling-1 com.star.forum.schedule.LoginUserTasks loginUserSchedule start Tue Oct 05 12:38:21 CST 2021
2021-10-05 12:38:21  INFO  scheduling-1 com.star.forum.schedule.LoginUserTasks loginUserSchedule stop Tue Oct 05 12:38:21 CST 2021
2021-10-05 12:38:21  INFO  main com.star.forum.search.InitializationRunner ===初始化索引结束===
2021-10-05 12:38:21  INFO  main com.star.forum.StarryForumRunning =============== Starry Forum Running ===============
2021-10-05 12:40:38  INFO  SpringApplicationShutdownHook org.springframework.amqp.rabbit.listener.SimpleMessageListenerContainer Waiting for workers to finish.
2021-10-05 12:40:38  INFO  SpringApplicationShutdownHook org.springframework.amqp.rabbit.listener.SimpleMessageListenerContainer Successfully waited for workers to finish.
2021-10-05 12:40:39  INFO  SpringApplicationShutdownHook com.alibaba.druid.pool.DruidDataSource {dataSource-1} closing ...
2021-10-05 12:40:39  INFO  SpringApplicationShutdownHook com.alibaba.druid.pool.DruidDataSource {dataSource-1} closed
2021-10-05 12:40:55  INFO  background-preinit org.hibernate.validator.internal.util.Version HV000001: Hibernate Validator 6.2.0.Final
2021-10-05 12:40:55  INFO  main com.star.forum.StarryForumRunning Starting StarryForumRunning using Java 1.8.0_261 on Starry with PID 1988 (L:\Task\Starry-Forum\target\classes started by Star in L:\Task\Starry-Forum)
2021-10-05 12:40:55  INFO  main com.star.forum.StarryForumRunning No active profile set, falling back to default profiles: default
2021-10-05 12:40:55  INFO  main org.springframework.boot.devtools.env.DevToolsPropertyDefaultsPostProcessor Devtools property defaults active! Set 'spring.devtools.add-properties' to 'false' to disable
2021-10-05 12:40:55  INFO  main org.springframework.boot.devtools.env.DevToolsPropertyDefaultsPostProcessor For additional web related logging consider setting the 'logging.level.web' property to 'DEBUG'
2021-10-05 12:40:57  INFO  main org.springframework.data.repository.config.RepositoryConfigurationDelegate Multiple Spring Data modules found, entering strict repository configuration mode!
2021-10-05 12:40:57  INFO  main org.springframework.data.repository.config.RepositoryConfigurationDelegate Bootstrapping Spring Data Elasticsearch repositories in DEFAULT mode.
2021-10-05 12:40:57  INFO  main org.springframework.data.repository.config.RepositoryConfigurationDelegate Finished Spring Data repository scanning in 76 ms. Found 1 Elasticsearch repository interfaces.
2021-10-05 12:40:57  INFO  main org.springframework.data.repository.config.RepositoryConfigurationDelegate Multiple Spring Data modules found, entering strict repository configuration mode!
2021-10-05 12:40:57  INFO  main org.springframework.data.repository.config.RepositoryConfigurationDelegate Bootstrapping Spring Data Reactive Elasticsearch repositories in DEFAULT mode.
2021-10-05 12:40:57  INFO  main org.springframework.data.repository.config.RepositoryConfigurationDelegate Finished Spring Data repository scanning in 11 ms. Found 0 Reactive Elasticsearch repository interfaces.
2021-10-05 12:40:57  INFO  main org.springframework.data.repository.config.RepositoryConfigurationDelegate Multiple Spring Data modules found, entering strict repository configuration mode!
2021-10-05 12:40:57  INFO  main org.springframework.data.repository.config.RepositoryConfigurationDelegate Bootstrapping Spring Data Redis repositories in DEFAULT mode.
2021-10-05 12:40:57  INFO  main org.springframework.data.repository.config.RepositoryConfigurationExtensionSupport Spring Data Redis - Could not safely identify store assignment for repository candidate interface com.star.forum.search.PostRepository. If you want this repository to be a Redis repository, consider annotating your entities with one of these annotations: org.springframework.data.redis.core.RedisHash (preferred), or consider extending one of the following types with your repository: org.springframework.data.keyvalue.repository.KeyValueRepository.
2021-10-05 12:40:57  INFO  main org.springframework.data.repository.config.RepositoryConfigurationDelegate Finished Spring Data repository scanning in 12 ms. Found 0 Redis repository interfaces.
2021-10-05 12:40:58  INFO  main org.springframework.context.support.PostProcessorRegistrationDelegate$BeanPostProcessorChecker Bean 'redisConfig' of type [com.star.forum.config.RedisConfig$$EnhancerBySpringCGLIB$$1] is not eligible for getting processed by all BeanPostProcessors (for example: not eligible for auto-proxying)
2021-10-05 12:40:59  INFO  main org.springframework.boot.web.embedded.tomcat.TomcatWebServer Tomcat initialized with port(s): 9000 (http)
2021-10-05 12:40:59  INFO  main org.apache.coyote.http11.Http11NioProtocol Initializing ProtocolHandler ["http-nio-9000"]
2021-10-05 12:40:59  INFO  main org.apache.catalina.core.StandardService Starting service [Tomcat]
2021-10-05 12:40:59  INFO  main org.apache.catalina.core.StandardEngine Starting Servlet engine: [Apache Tomcat/9.0.53]
2021-10-05 12:40:59  INFO  main org.apache.catalina.core.AprLifecycleListener An older version [1.2.24] of the Apache Tomcat Native library is installed, while Tomcat recommends a minimum version of [1.2.30]
2021-10-05 12:40:59  INFO  main org.apache.catalina.core.AprLifecycleListener Loaded Apache Tomcat Native library [1.2.24] using APR version [1.7.0].
2021-10-05 12:40:59  INFO  main org.apache.catalina.core.AprLifecycleListener APR capabilities: IPv6 [true], sendfile [true], accept filters [false], random [true], UDS [false].
2021-10-05 12:40:59  INFO  main org.apache.catalina.core.AprLifecycleListener APR/OpenSSL configuration: useAprConnector [false], useOpenSSL [true]
2021-10-05 12:40:59  INFO  main org.apache.catalina.core.AprLifecycleListener OpenSSL successfully initialized [OpenSSL 1.1.1g  21 Apr 2020]
2021-10-05 12:40:59  INFO  main org.apache.catalina.core.ContainerBase.[Tomcat].[localhost].[/] Initializing Spring embedded WebApplicationContext
2021-10-05 12:40:59  INFO  main org.springframework.boot.web.servlet.context.ServletWebServerApplicationContext Root WebApplicationContext: initialization completed in 3257 ms
2021-10-05 12:41:01  INFO  main org.springframework.boot.devtools.autoconfigure.OptionalLiveReloadServer LiveReload server is running on port 35729
2021-10-05 12:41:01  INFO  main org.springframework.data.elasticsearch.support.VersionInfo Version Spring Data Elasticsearch: 4.2.5
2021-10-05 12:41:01  INFO  main org.springframework.data.elasticsearch.support.VersionInfo Version Elasticsearch Client in build: 7.12.1
2021-10-05 12:41:01  INFO  main org.springframework.data.elasticsearch.support.VersionInfo Version Elasticsearch Client used: 7.12.1
2021-10-05 12:41:01  INFO  main org.springframework.data.elasticsearch.support.VersionInfo Version Elasticsearch cluster: 7.12.0
2021-10-05 12:41:02  INFO  main com.star.forum.config.RedisConfig 初始化 -> [Redis CacheErrorHandler]
2021-10-05 12:41:02  INFO  main springfox.documentation.spring.web.PropertySourcedRequestMappingHandlerMapping Mapped URL path [/v2/api-docs] onto method [springfox.documentation.swagger2.web.Swagger2Controller#getDocumentation(String, HttpServletRequest)]
2021-10-05 12:41:02  INFO  main org.springframework.boot.autoconfigure.web.servlet.WelcomePageHandlerMapping Adding welcome page template: index
2021-10-05 12:41:03  INFO  main org.apache.coyote.http11.Http11NioProtocol Starting ProtocolHandler ["http-nio-9000"]
2021-10-05 12:41:03  INFO  main org.springframework.boot.web.embedded.tomcat.TomcatWebServer Tomcat started on port(s): 9000 (http) with context path ''
2021-10-05 12:41:03  INFO  main springfox.documentation.spring.web.plugins.DocumentationPluginsBootstrapper Context refreshed
2021-10-05 12:41:03  INFO  main springfox.documentation.spring.web.plugins.DocumentationPluginsBootstrapper Found 1 custom documentation plugin(s)
2021-10-05 12:41:03  INFO  main springfox.documentation.spring.web.scanners.ApiListingReferenceScanner Scanning for api listing references
2021-10-05 12:41:03  INFO  main springfox.documentation.spring.web.readers.operation.CachingOperationNameGenerator Generating unique operation named: indexUsingGET_1
2021-10-05 12:41:03  INFO  main springfox.documentation.spring.web.readers.operation.CachingOperationNameGenerator Generating unique operation named: insertUsingPOST_1
2021-10-05 12:41:03  INFO  main springfox.documentation.spring.web.readers.operation.CachingOperationNameGenerator Generating unique operation named: pUsingGET_1
2021-10-05 12:41:03  INFO  main springfox.documentation.spring.web.readers.operation.CachingOperationNameGenerator Generating unique operation named: poUsingGET_1
2021-10-05 12:41:03  INFO  main springfox.documentation.spring.web.readers.operation.CachingOperationNameGenerator Generating unique operation named: poUsingGET_2
2021-10-05 12:41:03  INFO  main springfox.documentation.spring.web.readers.operation.CachingOperationNameGenerator Generating unique operation named: setQuestionByIdUsingPOST_1
2021-10-05 12:41:03  INFO  main springfox.documentation.spring.web.readers.operation.CachingOperationNameGenerator Generating unique operation named: commentListUsingGET_1
2021-10-05 12:41:03  INFO  main springfox.documentation.spring.web.readers.operation.CachingOperationNameGenerator Generating unique operation named: insertUsingPOST_2
2021-10-05 12:41:03  INFO  main springfox.documentation.spring.web.readers.operation.CachingOperationNameGenerator Generating unique operation named: setQuestionByIdUsingPOST_2
2021-10-05 12:41:03  INFO  main springfox.documentation.spring.web.readers.operation.CachingOperationNameGenerator Generating unique operation named: commentUsingGET_1
2021-10-05 12:41:03  INFO  main springfox.documentation.spring.web.readers.operation.CachingOperationNameGenerator Generating unique operation named: commentListUsingGET_2
2021-10-05 12:41:03  INFO  main org.springframework.amqp.rabbit.connection.CachingConnectionFactory Attempting to connect to: [localhost:5672]
2021-10-05 12:41:03  INFO  main org.springframework.amqp.rabbit.connection.CachingConnectionFactory Created new connection: rabbitConnectionFactory#17ec5e2a:0/SimpleConnection@46c7e6c0 [delegate=amqp://guest@127.0.0.1:5672/, localPort= 1240]
2021-10-05 12:41:03  INFO  scheduling-1 com.star.forum.schedule.HotTagTasks hotTagSchedule start Tue Oct 05 12:41:03 CST 2021
2021-10-05 12:41:03  INFO  main com.star.forum.StarryForumRunning Started StarryForumRunning in 9.376 seconds (JVM running for 22.597)
2021-10-05 12:41:03  INFO  main com.star.forum.search.InitializationRunner 开启扫描索引
2021-10-05 12:41:04  INFO  scheduling-1 com.alibaba.druid.pool.DruidDataSource {dataSource-1} inited
2021-10-05 12:41:04  INFO  main com.star.forum.search.InitializationRunner ===elasticsearch已存在索引===
2021-10-05 12:41:04  INFO  main com.star.forum.StarryForumRunning =============== Starry Forum Running ===============
2021-10-05 12:41:04  INFO  scheduling-1 com.star.forum.schedule.HotTagTasks hotTagSchedule stop Tue Oct 05 12:41:04 CST 2021
2021-10-05 12:41:04  INFO  scheduling-1 com.star.forum.schedule.LoginUserTasks loginUserSchedule start Tue Oct 05 12:41:04 CST 2021
2021-10-05 12:41:04  INFO  scheduling-1 com.star.forum.schedule.LoginUserTasks loginUserSchedule stop Tue Oct 05 12:41:04 CST 2021
2021-10-05 12:41:15  INFO  http-nio-9000-exec-1 org.apache.catalina.core.ContainerBase.[Tomcat].[localhost].[/] Initializing Spring DispatcherServlet 'dispatcherServlet'
2021-10-05 12:41:15  INFO  http-nio-9000-exec-1 org.springframework.web.servlet.DispatcherServlet Initializing Servlet 'dispatcherServlet'
2021-10-05 12:41:15  INFO  http-nio-9000-exec-1 org.springframework.web.servlet.DispatcherServlet Completed initialization in 2 ms
2021-10-05 12:43:54  INFO  SpringApplicationShutdownHook org.springframework.amqp.rabbit.listener.SimpleMessageListenerContainer Waiting for workers to finish.
2021-10-05 12:43:55  INFO  SpringApplicationShutdownHook org.springframework.amqp.rabbit.listener.SimpleMessageListenerContainer Successfully waited for workers to finish.
2021-10-05 12:43:55  INFO  SpringApplicationShutdownHook com.alibaba.druid.pool.DruidDataSource {dataSource-1} closing ...
2021-10-05 12:43:55  INFO  SpringApplicationShutdownHook com.alibaba.druid.pool.DruidDataSource {dataSource-1} closed
2021-10-05 12:44:12  INFO  background-preinit org.hibernate.validator.internal.util.Version HV000001: Hibernate Validator 6.2.0.Final
2021-10-05 12:44:12  INFO  main com.star.forum.StarryForumRunning Starting StarryForumRunning using Java 1.8.0_261 on Starry with PID 14288 (L:\Task\Starry-Forum\target\classes started by Star in L:\Task\Starry-Forum)
2021-10-05 12:44:12  INFO  main com.star.forum.StarryForumRunning No active profile set, falling back to default profiles: default
2021-10-05 12:44:12  INFO  main org.springframework.boot.devtools.env.DevToolsPropertyDefaultsPostProcessor Devtools property defaults active! Set 'spring.devtools.add-properties' to 'false' to disable
2021-10-05 12:44:12  INFO  main org.springframework.boot.devtools.env.DevToolsPropertyDefaultsPostProcessor For additional web related logging consider setting the 'logging.level.web' property to 'DEBUG'
2021-10-05 12:44:13  INFO  main org.springframework.data.repository.config.RepositoryConfigurationDelegate Multiple Spring Data modules found, entering strict repository configuration mode!
2021-10-05 12:44:13  INFO  main org.springframework.data.repository.config.RepositoryConfigurationDelegate Bootstrapping Spring Data Elasticsearch repositories in DEFAULT mode.
2021-10-05 12:44:13  INFO  main org.springframework.data.repository.config.RepositoryConfigurationDelegate Finished Spring Data repository scanning in 77 ms. Found 1 Elasticsearch repository interfaces.
2021-10-05 12:44:13  INFO  main org.springframework.data.repository.config.RepositoryConfigurationDelegate Multiple Spring Data modules found, entering strict repository configuration mode!
2021-10-05 12:44:13  INFO  main org.springframework.data.repository.config.RepositoryConfigurationDelegate Bootstrapping Spring Data Reactive Elasticsearch repositories in DEFAULT mode.
2021-10-05 12:44:14  INFO  main org.springframework.data.repository.config.RepositoryConfigurationDelegate Finished Spring Data repository scanning in 12 ms. Found 0 Reactive Elasticsearch repository interfaces.
2021-10-05 12:44:14  INFO  main org.springframework.data.repository.config.RepositoryConfigurationDelegate Multiple Spring Data modules found, entering strict repository configuration mode!
2021-10-05 12:44:14  INFO  main org.springframework.data.repository.config.RepositoryConfigurationDelegate Bootstrapping Spring Data Redis repositories in DEFAULT mode.
2021-10-05 12:44:14  INFO  main org.springframework.data.repository.config.RepositoryConfigurationExtensionSupport Spring Data Redis - Could not safely identify store assignment for repository candidate interface com.star.forum.search.PostRepository. If you want this repository to be a Redis repository, consider annotating your entities with one of these annotations: org.springframework.data.redis.core.RedisHash (preferred), or consider extending one of the following types with your repository: org.springframework.data.keyvalue.repository.KeyValueRepository.
2021-10-05 12:44:14  INFO  main org.springframework.data.repository.config.RepositoryConfigurationDelegate Finished Spring Data repository scanning in 11 ms. Found 0 Redis repository interfaces.
2021-10-05 12:44:14  INFO  main org.springframework.context.support.PostProcessorRegistrationDelegate$BeanPostProcessorChecker Bean 'redisConfig' of type [com.star.forum.config.RedisConfig$$EnhancerBySpringCGLIB$$1] is not eligible for getting processed by all BeanPostProcessors (for example: not eligible for auto-proxying)
2021-10-05 12:44:15  INFO  main org.springframework.boot.web.embedded.tomcat.TomcatWebServer Tomcat initialized with port(s): 9000 (http)
2021-10-05 12:44:15  INFO  main org.apache.coyote.http11.Http11NioProtocol Initializing ProtocolHandler ["http-nio-9000"]
2021-10-05 12:44:15  INFO  main org.apache.catalina.core.StandardService Starting service [Tomcat]
2021-10-05 12:44:15  INFO  main org.apache.catalina.core.StandardEngine Starting Servlet engine: [Apache Tomcat/9.0.53]
2021-10-05 12:44:15  INFO  main org.apache.catalina.core.AprLifecycleListener An older version [1.2.24] of the Apache Tomcat Native library is installed, while Tomcat recommends a minimum version of [1.2.30]
2021-10-05 12:44:15  INFO  main org.apache.catalina.core.AprLifecycleListener Loaded Apache Tomcat Native library [1.2.24] using APR version [1.7.0].
2021-10-05 12:44:15  INFO  main org.apache.catalina.core.AprLifecycleListener APR capabilities: IPv6 [true], sendfile [true], accept filters [false], random [true], UDS [false].
2021-10-05 12:44:15  INFO  main org.apache.catalina.core.AprLifecycleListener APR/OpenSSL configuration: useAprConnector [false], useOpenSSL [true]
2021-10-05 12:44:15  INFO  main org.apache.catalina.core.AprLifecycleListener OpenSSL successfully initialized [OpenSSL 1.1.1g  21 Apr 2020]
2021-10-05 12:44:15  INFO  main org.apache.catalina.core.ContainerBase.[Tomcat].[localhost].[/] Initializing Spring embedded WebApplicationContext
2021-10-05 12:44:15  INFO  main org.springframework.boot.web.servlet.context.ServletWebServerApplicationContext Root WebApplicationContext: initialization completed in 3184 ms
2021-10-05 12:44:17  INFO  main org.springframework.boot.devtools.autoconfigure.OptionalLiveReloadServer LiveReload server is running on port 35729
2021-10-05 12:44:17  INFO  main org.springframework.data.elasticsearch.support.VersionInfo Version Spring Data Elasticsearch: 4.2.5
2021-10-05 12:44:17  INFO  main org.springframework.data.elasticsearch.support.VersionInfo Version Elasticsearch Client in build: 7.12.1
2021-10-05 12:44:17  INFO  main org.springframework.data.elasticsearch.support.VersionInfo Version Elasticsearch Client used: 7.12.1
2021-10-05 12:44:17  INFO  main org.springframework.data.elasticsearch.support.VersionInfo Version Elasticsearch cluster: 7.12.0
2021-10-05 12:44:18  INFO  main com.star.forum.config.RedisConfig 初始化 -> [Redis CacheErrorHandler]
2021-10-05 12:44:18  INFO  main springfox.documentation.spring.web.PropertySourcedRequestMappingHandlerMapping Mapped URL path [/v2/api-docs] onto method [springfox.documentation.swagger2.web.Swagger2Controller#getDocumentation(String, HttpServletRequest)]
2021-10-05 12:44:19  INFO  main org.springframework.boot.autoconfigure.web.servlet.WelcomePageHandlerMapping Adding welcome page template: index
2021-10-05 12:44:19  INFO  main org.apache.coyote.http11.Http11NioProtocol Starting ProtocolHandler ["http-nio-9000"]
2021-10-05 12:44:19  INFO  main org.springframework.boot.web.embedded.tomcat.TomcatWebServer Tomcat started on port(s): 9000 (http) with context path ''
2021-10-05 12:44:19  INFO  main springfox.documentation.spring.web.plugins.DocumentationPluginsBootstrapper Context refreshed
2021-10-05 12:44:19  INFO  main springfox.documentation.spring.web.plugins.DocumentationPluginsBootstrapper Found 1 custom documentation plugin(s)
2021-10-05 12:44:19  INFO  main springfox.documentation.spring.web.scanners.ApiListingReferenceScanner Scanning for api listing references
2021-10-05 12:44:20  INFO  main springfox.documentation.spring.web.readers.operation.CachingOperationNameGenerator Generating unique operation named: indexUsingGET_1
2021-10-05 12:44:20  INFO  main springfox.documentation.spring.web.readers.operation.CachingOperationNameGenerator Generating unique operation named: insertUsingPOST_1
2021-10-05 12:44:20  INFO  main springfox.documentation.spring.web.readers.operation.CachingOperationNameGenerator Generating unique operation named: pUsingGET_1
2021-10-05 12:44:20  INFO  main springfox.documentation.spring.web.readers.operation.CachingOperationNameGenerator Generating unique operation named: poUsingGET_1
2021-10-05 12:44:20  INFO  main springfox.documentation.spring.web.readers.operation.CachingOperationNameGenerator Generating unique operation named: poUsingGET_2
2021-10-05 12:44:20  INFO  main springfox.documentation.spring.web.readers.operation.CachingOperationNameGenerator Generating unique operation named: setQuestionByIdUsingPOST_1
2021-10-05 12:44:20  INFO  main springfox.documentation.spring.web.readers.operation.CachingOperationNameGenerator Generating unique operation named: commentListUsingGET_1
2021-10-05 12:44:20  INFO  main springfox.documentation.spring.web.readers.operation.CachingOperationNameGenerator Generating unique operation named: insertUsingPOST_2
2021-10-05 12:44:20  INFO  main springfox.documentation.spring.web.readers.operation.CachingOperationNameGenerator Generating unique operation named: setQuestionByIdUsingPOST_2
2021-10-05 12:44:20  INFO  main springfox.documentation.spring.web.readers.operation.CachingOperationNameGenerator Generating unique operation named: commentUsingGET_1
2021-10-05 12:44:20  INFO  main springfox.documentation.spring.web.readers.operation.CachingOperationNameGenerator Generating unique operation named: commentListUsingGET_2
2021-10-05 12:44:20  INFO  main org.springframework.amqp.rabbit.connection.CachingConnectionFactory Attempting to connect to: [localhost:5672]
2021-10-05 12:44:20  INFO  main org.springframework.amqp.rabbit.connection.CachingConnectionFactory Created new connection: rabbitConnectionFactory#2cf88901:0/SimpleConnection@731bdcca [delegate=amqp://guest@127.0.0.1:5672/, localPort= 17414]
2021-10-05 12:44:20  INFO  scheduling-1 com.star.forum.schedule.HotTagTasks hotTagSchedule start Tue Oct 05 12:44:20 CST 2021
2021-10-05 12:44:20  INFO  main com.star.forum.StarryForumRunning Started StarryForumRunning in 8.932 seconds (JVM running for 19.057)
2021-10-05 12:44:20  INFO  main com.star.forum.search.InitializationRunner 开启扫描索引
2021-10-05 12:44:20  INFO  scheduling-1 com.alibaba.druid.pool.DruidDataSource {dataSource-1} inited
2021-10-05 12:44:20  INFO  main com.star.forum.search.InitializationRunner ===elasticsearch已存在索引===
2021-10-05 12:44:20  INFO  main com.star.forum.StarryForumRunning =============== Starry Forum Running ===============
2021-10-05 12:44:20  INFO  scheduling-1 com.star.forum.schedule.HotTagTasks hotTagSchedule stop Tue Oct 05 12:44:20 CST 2021
2021-10-05 12:44:20  INFO  scheduling-1 com.star.forum.schedule.LoginUserTasks loginUserSchedule start Tue Oct 05 12:44:20 CST 2021
2021-10-05 12:44:20  INFO  scheduling-1 com.star.forum.schedule.LoginUserTasks loginUserSchedule stop Tue Oct 05 12:44:20 CST 2021
2021-10-05 12:44:34  INFO  http-nio-9000-exec-1 org.apache.catalina.core.ContainerBase.[Tomcat].[localhost].[/] Initializing Spring DispatcherServlet 'dispatcherServlet'
2021-10-05 12:44:34  INFO  http-nio-9000-exec-1 org.springframework.web.servlet.DispatcherServlet Initializing Servlet 'dispatcherServlet'
2021-10-05 12:44:34  INFO  http-nio-9000-exec-1 org.springframework.web.servlet.DispatcherServlet Completed initialization in 2 ms
2021-10-05 12:45:14  INFO  SpringApplicationShutdownHook org.springframework.amqp.rabbit.listener.SimpleMessageListenerContainer Waiting for workers to finish.
2021-10-05 12:45:14  INFO  SpringApplicationShutdownHook org.springframework.amqp.rabbit.listener.SimpleMessageListenerContainer Successfully waited for workers to finish.
2021-10-05 12:45:15  INFO  SpringApplicationShutdownHook com.alibaba.druid.pool.DruidDataSource {dataSource-1} closing ...
2021-10-05 12:45:15  INFO  SpringApplicationShutdownHook com.alibaba.druid.pool.DruidDataSource {dataSource-1} closed
2021-10-05 12:45:30  INFO  background-preinit org.hibernate.validator.internal.util.Version HV000001: Hibernate Validator 6.2.0.Final
2021-10-05 12:45:30  INFO  main com.star.forum.StarryForumRunning Starting StarryForumRunning using Java 1.8.0_261 on Starry with PID 2476 (L:\Task\Starry-Forum\target\classes started by Star in L:\Task\Starry-Forum)
2021-10-05 12:45:30  INFO  main com.star.forum.StarryForumRunning No active profile set, falling back to default profiles: default
2021-10-05 12:45:30  INFO  main org.springframework.boot.devtools.env.DevToolsPropertyDefaultsPostProcessor Devtools property defaults active! Set 'spring.devtools.add-properties' to 'false' to disable
2021-10-05 12:45:30  INFO  main org.springframework.boot.devtools.env.DevToolsPropertyDefaultsPostProcessor For additional web related logging consider setting the 'logging.level.web' property to 'DEBUG'
2021-10-05 12:45:32  INFO  main org.springframework.data.repository.config.RepositoryConfigurationDelegate Multiple Spring Data modules found, entering strict repository configuration mode!
2021-10-05 12:45:32  INFO  main org.springframework.data.repository.config.RepositoryConfigurationDelegate Bootstrapping Spring Data Elasticsearch repositories in DEFAULT mode.
2021-10-05 12:45:32  INFO  main org.springframework.data.repository.config.RepositoryConfigurationDelegate Finished Spring Data repository scanning in 84 ms. Found 1 Elasticsearch repository interfaces.
2021-10-05 12:45:32  INFO  main org.springframework.data.repository.config.RepositoryConfigurationDelegate Multiple Spring Data modules found, entering strict repository configuration mode!
2021-10-05 12:45:32  INFO  main org.springframework.data.repository.config.RepositoryConfigurationDelegate Bootstrapping Spring Data Reactive Elasticsearch repositories in DEFAULT mode.
2021-10-05 12:45:32  INFO  main org.springframework.data.repository.config.RepositoryConfigurationDelegate Finished Spring Data repository scanning in 14 ms. Found 0 Reactive Elasticsearch repository interfaces.
2021-10-05 12:45:32  INFO  main org.springframework.data.repository.config.RepositoryConfigurationDelegate Multiple Spring Data modules found, entering strict repository configuration mode!
2021-10-05 12:45:32  INFO  main org.springframework.data.repository.config.RepositoryConfigurationDelegate Bootstrapping Spring Data Redis repositories in DEFAULT mode.
2021-10-05 12:45:32  INFO  main org.springframework.data.repository.config.RepositoryConfigurationExtensionSupport Spring Data Redis - Could not safely identify store assignment for repository candidate interface com.star.forum.search.PostRepository. If you want this repository to be a Redis repository, consider annotating your entities with one of these annotations: org.springframework.data.redis.core.RedisHash (preferred), or consider extending one of the following types with your repository: org.springframework.data.keyvalue.repository.KeyValueRepository.
2021-10-05 12:45:32  INFO  main org.springframework.data.repository.config.RepositoryConfigurationDelegate Finished Spring Data repository scanning in 13 ms. Found 0 Redis repository interfaces.
2021-10-05 12:45:32  INFO  main org.springframework.context.support.PostProcessorRegistrationDelegate$BeanPostProcessorChecker Bean 'redisConfig' of type [com.star.forum.config.RedisConfig$$EnhancerBySpringCGLIB$$1] is not eligible for getting processed by all BeanPostProcessors (for example: not eligible for auto-proxying)
2021-10-05 12:45:33  INFO  main org.springframework.boot.web.embedded.tomcat.TomcatWebServer Tomcat initialized with port(s): 9000 (http)
2021-10-05 12:45:33  INFO  main org.apache.coyote.http11.Http11NioProtocol Initializing ProtocolHandler ["http-nio-9000"]
2021-10-05 12:45:33  INFO  main org.apache.catalina.core.StandardService Starting service [Tomcat]
2021-10-05 12:45:33  INFO  main org.apache.catalina.core.StandardEngine Starting Servlet engine: [Apache Tomcat/9.0.53]
2021-10-05 12:45:33  INFO  main org.apache.catalina.core.AprLifecycleListener An older version [1.2.24] of the Apache Tomcat Native library is installed, while Tomcat recommends a minimum version of [1.2.30]
2021-10-05 12:45:33  INFO  main org.apache.catalina.core.AprLifecycleListener Loaded Apache Tomcat Native library [1.2.24] using APR version [1.7.0].
2021-10-05 12:45:33  INFO  main org.apache.catalina.core.AprLifecycleListener APR capabilities: IPv6 [true], sendfile [true], accept filters [false], random [true], UDS [false].
2021-10-05 12:45:33  INFO  main org.apache.catalina.core.AprLifecycleListener APR/OpenSSL configuration: useAprConnector [false], useOpenSSL [true]
2021-10-05 12:45:33  INFO  main org.apache.catalina.core.AprLifecycleListener OpenSSL successfully initialized [OpenSSL 1.1.1g  21 Apr 2020]
2021-10-05 12:45:33  INFO  main org.apache.catalina.core.ContainerBase.[Tomcat].[localhost].[/] Initializing Spring embedded WebApplicationContext
2021-10-05 12:45:33  INFO  main org.springframework.boot.web.servlet.context.ServletWebServerApplicationContext Root WebApplicationContext: initialization completed in 3113 ms
2021-10-05 12:45:35  INFO  main org.springframework.boot.devtools.autoconfigure.OptionalLiveReloadServer LiveReload server is running on port 35729
2021-10-05 12:45:35  INFO  main org.springframework.data.elasticsearch.support.VersionInfo Version Spring Data Elasticsearch: 4.2.5
2021-10-05 12:45:35  INFO  main org.springframework.data.elasticsearch.support.VersionInfo Version Elasticsearch Client in build: 7.12.1
2021-10-05 12:45:35  INFO  main org.springframework.data.elasticsearch.support.VersionInfo Version Elasticsearch Client used: 7.12.1
2021-10-05 12:45:35  INFO  main org.springframework.data.elasticsearch.support.VersionInfo Version Elasticsearch cluster: 7.12.0
2021-10-05 12:45:36  INFO  main com.star.forum.config.RedisConfig 初始化 -> [Redis CacheErrorHandler]
2021-10-05 12:45:36  INFO  main springfox.documentation.spring.web.PropertySourcedRequestMappingHandlerMapping Mapped URL path [/v2/api-docs] onto method [springfox.documentation.swagger2.web.Swagger2Controller#getDocumentation(String, HttpServletRequest)]
2021-10-05 12:45:37  INFO  main org.springframework.boot.autoconfigure.web.servlet.WelcomePageHandlerMapping Adding welcome page template: index
2021-10-05 12:45:37  INFO  main org.apache.coyote.http11.Http11NioProtocol Starting ProtocolHandler ["http-nio-9000"]
2021-10-05 12:45:37  INFO  main org.springframework.boot.web.embedded.tomcat.TomcatWebServer Tomcat started on port(s): 9000 (http) with context path ''
2021-10-05 12:45:37  INFO  main springfox.documentation.spring.web.plugins.DocumentationPluginsBootstrapper Context refreshed
2021-10-05 12:45:37  INFO  main springfox.documentation.spring.web.plugins.DocumentationPluginsBootstrapper Found 1 custom documentation plugin(s)
2021-10-05 12:45:37  INFO  main springfox.documentation.spring.web.scanners.ApiListingReferenceScanner Scanning for api listing references
2021-10-05 12:45:38  INFO  main springfox.documentation.spring.web.readers.operation.CachingOperationNameGenerator Generating unique operation named: indexUsingGET_1
2021-10-05 12:45:38  INFO  main springfox.documentation.spring.web.readers.operation.CachingOperationNameGenerator Generating unique operation named: insertUsingPOST_1
2021-10-05 12:45:38  INFO  main springfox.documentation.spring.web.readers.operation.CachingOperationNameGenerator Generating unique operation named: pUsingGET_1
2021-10-05 12:45:38  INFO  main springfox.documentation.spring.web.readers.operation.CachingOperationNameGenerator Generating unique operation named: poUsingGET_1
2021-10-05 12:45:38  INFO  main springfox.documentation.spring.web.readers.operation.CachingOperationNameGenerator Generating unique operation named: poUsingGET_2
2021-10-05 12:45:38  INFO  main springfox.documentation.spring.web.readers.operation.CachingOperationNameGenerator Generating unique operation named: setQuestionByIdUsingPOST_1
2021-10-05 12:45:38  INFO  main springfox.documentation.spring.web.readers.operation.CachingOperationNameGenerator Generating unique operation named: commentListUsingGET_1
2021-10-05 12:45:38  INFO  main springfox.documentation.spring.web.readers.operation.CachingOperationNameGenerator Generating unique operation named: insertUsingPOST_2
2021-10-05 12:45:38  INFO  main springfox.documentation.spring.web.readers.operation.CachingOperationNameGenerator Generating unique operation named: setQuestionByIdUsingPOST_2
2021-10-05 12:45:38  INFO  main springfox.documentation.spring.web.readers.operation.CachingOperationNameGenerator Generating unique operation named: commentUsingGET_1
2021-10-05 12:45:38  INFO  main springfox.documentation.spring.web.readers.operation.CachingOperationNameGenerator Generating unique operation named: commentListUsingGET_2
2021-10-05 12:45:38  INFO  main org.springframework.amqp.rabbit.connection.CachingConnectionFactory Attempting to connect to: [localhost:5672]
2021-10-05 12:45:38  INFO  main org.springframework.amqp.rabbit.connection.CachingConnectionFactory Created new connection: rabbitConnectionFactory#3dea1ecc:0/SimpleConnection@264c9994 [delegate=amqp://guest@127.0.0.1:5672/, localPort= 1198]
2021-10-05 12:45:38  INFO  scheduling-1 com.star.forum.schedule.HotTagTasks hotTagSchedule start Tue Oct 05 12:45:38 CST 2021
2021-10-05 12:45:38  INFO  main com.star.forum.StarryForumRunning Started StarryForumRunning in 8.778 seconds (JVM running for 18.204)
2021-10-05 12:45:38  INFO  main com.star.forum.search.InitializationRunner 开启扫描索引
2021-10-05 12:45:38  INFO  scheduling-1 com.alibaba.druid.pool.DruidDataSource {dataSource-1} inited
2021-10-05 12:45:38  INFO  main com.star.forum.search.InitializationRunner ===elasticsearch已存在索引===
2021-10-05 12:45:38  INFO  main com.star.forum.StarryForumRunning =============== Starry Forum Running ===============
2021-10-05 12:45:38  INFO  scheduling-1 com.star.forum.schedule.HotTagTasks hotTagSchedule stop Tue Oct 05 12:45:38 CST 2021
2021-10-05 12:45:38  INFO  scheduling-1 com.star.forum.schedule.LoginUserTasks loginUserSchedule start Tue Oct 05 12:45:38 CST 2021
2021-10-05 12:45:38  INFO  scheduling-1 com.star.forum.schedule.LoginUserTasks loginUserSchedule stop Tue Oct 05 12:45:38 CST 2021
2021-10-05 12:46:23  INFO  http-nio-9000-exec-1 org.apache.catalina.core.ContainerBase.[Tomcat].[localhost].[/] Initializing Spring DispatcherServlet 'dispatcherServlet'
2021-10-05 12:46:23  INFO  http-nio-9000-exec-1 org.springframework.web.servlet.DispatcherServlet Initializing Servlet 'dispatcherServlet'
2021-10-05 12:46:23  INFO  http-nio-9000-exec-1 org.springframework.web.servlet.DispatcherServlet Completed initialization in 2 ms
2021-10-05 12:52:00  INFO  SpringApplicationShutdownHook org.springframework.amqp.rabbit.listener.SimpleMessageListenerContainer Waiting for workers to finish.
2021-10-05 12:52:01  INFO  SpringApplicationShutdownHook org.springframework.amqp.rabbit.listener.SimpleMessageListenerContainer Successfully waited for workers to finish.
2021-10-05 12:52:01  INFO  SpringApplicationShutdownHook com.alibaba.druid.pool.DruidDataSource {dataSource-1} closing ...
2021-10-05 12:52:01  INFO  SpringApplicationShutdownHook com.alibaba.druid.pool.DruidDataSource {dataSource-1} closed
2021-10-05 12:52:16  INFO  background-preinit org.hibernate.validator.internal.util.Version HV000001: Hibernate Validator 6.2.0.Final
2021-10-05 12:52:16  INFO  main com.star.forum.StarryForumRunning Starting StarryForumRunning using Java 1.8.0_261 on Starry with PID 1296 (L:\Task\Starry-Forum\target\classes started by Star in L:\Task\Starry-Forum)
2021-10-05 12:52:16  INFO  main com.star.forum.StarryForumRunning No active profile set, falling back to default profiles: default
2021-10-05 12:52:16  INFO  main org.springframework.boot.devtools.env.DevToolsPropertyDefaultsPostProcessor Devtools property defaults active! Set 'spring.devtools.add-properties' to 'false' to disable
2021-10-05 12:52:16  INFO  main org.springframework.boot.devtools.env.DevToolsPropertyDefaultsPostProcessor For additional web related logging consider setting the 'logging.level.web' property to 'DEBUG'
2021-10-05 12:52:18  INFO  main org.springframework.data.repository.config.RepositoryConfigurationDelegate Multiple Spring Data modules found, entering strict repository configuration mode!
2021-10-05 12:52:18  INFO  main org.springframework.data.repository.config.RepositoryConfigurationDelegate Bootstrapping Spring Data Elasticsearch repositories in DEFAULT mode.
2021-10-05 12:52:18  INFO  main org.springframework.data.repository.config.RepositoryConfigurationDelegate Finished Spring Data repository scanning in 89 ms. Found 1 Elasticsearch repository interfaces.
2021-10-05 12:52:18  INFO  main org.springframework.data.repository.config.RepositoryConfigurationDelegate Multiple Spring Data modules found, entering strict repository configuration mode!
2021-10-05 12:52:18  INFO  main org.springframework.data.repository.config.RepositoryConfigurationDelegate Bootstrapping Spring Data Reactive Elasticsearch repositories in DEFAULT mode.
2021-10-05 12:52:18  INFO  main org.springframework.data.repository.config.RepositoryConfigurationDelegate Finished Spring Data repository scanning in 14 ms. Found 0 Reactive Elasticsearch repository interfaces.
2021-10-05 12:52:18  INFO  main org.springframework.data.repository.config.RepositoryConfigurationDelegate Multiple Spring Data modules found, entering strict repository configuration mode!
2021-10-05 12:52:18  INFO  main org.springframework.data.repository.config.RepositoryConfigurationDelegate Bootstrapping Spring Data Redis repositories in DEFAULT mode.
2021-10-05 12:52:18  INFO  main org.springframework.data.repository.config.RepositoryConfigurationExtensionSupport Spring Data Redis - Could not safely identify store assignment for repository candidate interface com.star.forum.search.PostRepository. If you want this repository to be a Redis repository, consider annotating your entities with one of these annotations: org.springframework.data.redis.core.RedisHash (preferred), or consider extending one of the following types with your repository: org.springframework.data.keyvalue.repository.KeyValueRepository.
2021-10-05 12:52:18  INFO  main org.springframework.data.repository.config.RepositoryConfigurationDelegate Finished Spring Data repository scanning in 11 ms. Found 0 Redis repository interfaces.
2021-10-05 12:52:18  INFO  main org.springframework.context.support.PostProcessorRegistrationDelegate$BeanPostProcessorChecker Bean 'redisConfig' of type [com.star.forum.config.RedisConfig$$EnhancerBySpringCGLIB$$1] is not eligible for getting processed by all BeanPostProcessors (for example: not eligible for auto-proxying)
2021-10-05 12:52:19  INFO  main org.springframework.boot.web.embedded.tomcat.TomcatWebServer Tomcat initialized with port(s): 9000 (http)
2021-10-05 12:52:19  INFO  main org.apache.coyote.http11.Http11NioProtocol Initializing ProtocolHandler ["http-nio-9000"]
2021-10-05 12:52:19  INFO  main org.apache.catalina.core.StandardService Starting service [Tomcat]
2021-10-05 12:52:19  INFO  main org.apache.catalina.core.StandardEngine Starting Servlet engine: [Apache Tomcat/9.0.53]
2021-10-05 12:52:19  INFO  main org.apache.catalina.core.AprLifecycleListener An older version [1.2.24] of the Apache Tomcat Native library is installed, while Tomcat recommends a minimum version of [1.2.30]
2021-10-05 12:52:19  INFO  main org.apache.catalina.core.AprLifecycleListener Loaded Apache Tomcat Native library [1.2.24] using APR version [1.7.0].
2021-10-05 12:52:19  INFO  main org.apache.catalina.core.AprLifecycleListener APR capabilities: IPv6 [true], sendfile [true], accept filters [false], random [true], UDS [false].
2021-10-05 12:52:19  INFO  main org.apache.catalina.core.AprLifecycleListener APR/OpenSSL configuration: useAprConnector [false], useOpenSSL [true]
2021-10-05 12:52:19  INFO  main org.apache.catalina.core.AprLifecycleListener OpenSSL successfully initialized [OpenSSL 1.1.1g  21 Apr 2020]
2021-10-05 12:52:19  INFO  main org.apache.catalina.core.ContainerBase.[Tomcat].[localhost].[/] Initializing Spring embedded WebApplicationContext
2021-10-05 12:52:19  INFO  main org.springframework.boot.web.servlet.context.ServletWebServerApplicationContext Root WebApplicationContext: initialization completed in 2914 ms
2021-10-05 12:52:21  INFO  main org.springframework.boot.devtools.autoconfigure.OptionalLiveReloadServer LiveReload server is running on port 35729
2021-10-05 12:52:21  INFO  main org.springframework.data.elasticsearch.support.VersionInfo Version Spring Data Elasticsearch: 4.2.5
2021-10-05 12:52:21  INFO  main org.springframework.data.elasticsearch.support.VersionInfo Version Elasticsearch Client in build: 7.12.1
2021-10-05 12:52:21  INFO  main org.springframework.data.elasticsearch.support.VersionInfo Version Elasticsearch Client used: 7.12.1
2021-10-05 12:52:21  INFO  main org.springframework.data.elasticsearch.support.VersionInfo Version Elasticsearch cluster: 7.12.0
2021-10-05 12:52:22  INFO  main com.star.forum.config.RedisConfig 初始化 -> [Redis CacheErrorHandler]
2021-10-05 12:52:22  INFO  main springfox.documentation.spring.web.PropertySourcedRequestMappingHandlerMapping Mapped URL path [/v2/api-docs] onto method [springfox.documentation.swagger2.web.Swagger2Controller#getDocumentation(String, HttpServletRequest)]
2021-10-05 12:52:22  INFO  main org.springframework.boot.autoconfigure.web.servlet.WelcomePageHandlerMapping Adding welcome page template: index
2021-10-05 12:52:23  INFO  main org.apache.coyote.http11.Http11NioProtocol Starting ProtocolHandler ["http-nio-9000"]
2021-10-05 12:52:23  INFO  main org.springframework.boot.web.embedded.tomcat.TomcatWebServer Tomcat started on port(s): 9000 (http) with context path ''
2021-10-05 12:52:23  INFO  main springfox.documentation.spring.web.plugins.DocumentationPluginsBootstrapper Context refreshed
2021-10-05 12:52:23  INFO  main springfox.documentation.spring.web.plugins.DocumentationPluginsBootstrapper Found 1 custom documentation plugin(s)
2021-10-05 12:52:23  INFO  main springfox.documentation.spring.web.scanners.ApiListingReferenceScanner Scanning for api listing references
2021-10-05 12:52:23  INFO  main springfox.documentation.spring.web.readers.operation.CachingOperationNameGenerator Generating unique operation named: indexUsingGET_1
2021-10-05 12:52:23  INFO  main springfox.documentation.spring.web.readers.operation.CachingOperationNameGenerator Generating unique operation named: insertUsingPOST_1
2021-10-05 12:52:23  INFO  main springfox.documentation.spring.web.readers.operation.CachingOperationNameGenerator Generating unique operation named: pUsingGET_1
2021-10-05 12:52:23  INFO  main springfox.documentation.spring.web.readers.operation.CachingOperationNameGenerator Generating unique operation named: poUsingGET_1
2021-10-05 12:52:23  INFO  main springfox.documentation.spring.web.readers.operation.CachingOperationNameGenerator Generating unique operation named: poUsingGET_2
2021-10-05 12:52:23  INFO  main springfox.documentation.spring.web.readers.operation.CachingOperationNameGenerator Generating unique operation named: setQuestionByIdUsingPOST_1
2021-10-05 12:52:23  INFO  main springfox.documentation.spring.web.readers.operation.CachingOperationNameGenerator Generating unique operation named: commentListUsingGET_1
2021-10-05 12:52:23  INFO  main springfox.documentation.spring.web.readers.operation.CachingOperationNameGenerator Generating unique operation named: insertUsingPOST_2
2021-10-05 12:52:23  INFO  main springfox.documentation.spring.web.readers.operation.CachingOperationNameGenerator Generating unique operation named: setQuestionByIdUsingPOST_2
2021-10-05 12:52:23  INFO  main springfox.documentation.spring.web.readers.operation.CachingOperationNameGenerator Generating unique operation named: commentUsingGET_1
2021-10-05 12:52:23  INFO  main springfox.documentation.spring.web.readers.operation.CachingOperationNameGenerator Generating unique operation named: commentListUsingGET_2
2021-10-05 12:52:23  INFO  main org.springframework.amqp.rabbit.connection.CachingConnectionFactory Attempting to connect to: [localhost:5672]
2021-10-05 12:52:23  INFO  main org.springframework.amqp.rabbit.connection.CachingConnectionFactory Created new connection: rabbitConnectionFactory#173cfb01:0/SimpleConnection@672c4e24 [delegate=amqp://guest@127.0.0.1:5672/, localPort= 1207]
2021-10-05 12:52:24  INFO  scheduling-1 com.star.forum.schedule.HotTagTasks hotTagSchedule start Tue Oct 05 12:52:24 CST 2021
2021-10-05 12:52:24  INFO  main com.star.forum.StarryForumRunning Started StarryForumRunning in 8.285 seconds (JVM running for 17.461)
2021-10-05 12:52:24  INFO  main com.star.forum.search.InitializationRunner 开启扫描索引
2021-10-05 12:52:24  INFO  scheduling-1 com.alibaba.druid.pool.DruidDataSource {dataSource-1} inited
2021-10-05 12:52:24  INFO  main com.star.forum.search.InitializationRunner ===elasticsearch已存在索引===
2021-10-05 12:52:24  INFO  main com.star.forum.StarryForumRunning =============== Starry Forum Running ===============
2021-10-05 12:52:24  INFO  scheduling-1 com.star.forum.schedule.HotTagTasks hotTagSchedule stop Tue Oct 05 12:52:24 CST 2021
2021-10-05 12:52:24  INFO  scheduling-1 com.star.forum.schedule.LoginUserTasks loginUserSchedule start Tue Oct 05 12:52:24 CST 2021
2021-10-05 12:52:24  INFO  scheduling-1 com.star.forum.schedule.LoginUserTasks loginUserSchedule stop Tue Oct 05 12:52:24 CST 2021
2021-10-05 12:52:31  INFO  http-nio-9000-exec-1 org.apache.catalina.core.ContainerBase.[Tomcat].[localhost].[/] Initializing Spring DispatcherServlet 'dispatcherServlet'
2021-10-05 12:52:31  INFO  http-nio-9000-exec-1 org.springframework.web.servlet.DispatcherServlet Initializing Servlet 'dispatcherServlet'
2021-10-05 12:52:31  INFO  http-nio-9000-exec-1 org.springframework.web.servlet.DispatcherServlet Completed initialization in 2 ms
2021-10-05 13:00:27  INFO  scheduling-1 com.star.forum.schedule.LoginUserTasks loginUserSchedule start Tue Oct 05 13:00:27 CST 2021
2021-10-05 13:00:27  INFO  scheduling-1 com.star.forum.schedule.LoginUserTasks loginUserSchedule stop Tue Oct 05 13:00:27 CST 2021
2021-10-05 13:00:27  INFO  scheduling-1 com.star.forum.schedule.HotTagTasks hotTagSchedule start Tue Oct 05 13:00:27 CST 2021
2021-10-05 13:00:27  INFO  scheduling-1 com.star.forum.schedule.HotTagTasks hotTagSchedule stop Tue Oct 05 13:00:27 CST 2021
2021-10-05 13:07:00  INFO  SpringApplicationShutdownHook org.springframework.amqp.rabbit.listener.SimpleMessageListenerContainer Waiting for workers to finish.
2021-10-05 13:07:01  INFO  SpringApplicationShutdownHook org.springframework.amqp.rabbit.listener.SimpleMessageListenerContainer Successfully waited for workers to finish.
2021-10-05 13:07:01  INFO  SpringApplicationShutdownHook org.springframework.amqp.rabbit.listener.SimpleMessageListenerContainer Waiting for workers to finish.
2021-10-05 13:07:01  INFO  SpringApplicationShutdownHook org.springframework.amqp.rabbit.listener.SimpleMessageListenerContainer Successfully waited for workers to finish.
2021-10-05 13:07:02  INFO  SpringApplicationShutdownHook com.alibaba.druid.pool.DruidDataSource {dataSource-1} closing ...
2021-10-05 13:07:02  INFO  SpringApplicationShutdownHook com.alibaba.druid.pool.DruidDataSource {dataSource-1} closed
